This is XeTeX, Version 3.14159265-2.6-0.999991 (MiKTeX 2.9.6960 64-bit) (preloaded format=xelatex 2019.6.5)  18 JUN 2019 11:01
entering extended mode
**d:/fac/licenta/licenta.tex
(d:/fac/licenta/licenta.tex
LaTeX2e <2018-12-01>
("D:\pograml files\miktex\tex/latex/base\article.cls"
Document Class: article 2018/09/03 v1.4i Standard LaTeX document class
("D:\pograml files\miktex\tex/latex/base\size12.clo"
File: size12.clo 2018/09/03 v1.4i Standard LaTeX file (size option)
)
\c@part=\count80
\c@section=\count81
\c@subsection=\count82
\c@subsubsection=\count83
\c@paragraph=\count84
\c@subparagraph=\count85
\c@figure=\count86
\c@table=\count87
\abovecaptionskip=\skip41
\belowcaptionskip=\skip42
\bibindent=\dimen102
) ("D:\pograml files\miktex\tex/latex/fontspec\fontspec.sty" ("D:\pograml files\miktex\tex/latex/l3packages/xparse\xparse.sty" ("D:\pograml files\miktex\tex/latex/l3kernel\expl3.sty"
Package: expl3 2019-05-28 L3 programming layer (loader) 
 ("D:\pograml files\miktex\tex/latex/l3kernel\expl3-code.tex"
Package: expl3 2019-05-28 L3 programming layer (code)
\c_max_int=\count88
\l_tmpa_int=\count89
\l_tmpb_int=\count90
\g_tmpa_int=\count91
\g_tmpb_int=\count92
\g__kernel_prg_map_int=\count93
\c__ior_term_ior=\count94
\c_log_iow=\count95
\l_iow_line_count_int=\count96
\l__iow_line_target_int=\count97
\l__iow_one_indent_int=\count98
\l__iow_indent_int=\count99
\c_zero_dim=\dimen103
\c_max_dim=\dimen104
\l_tmpa_dim=\dimen105
\l_tmpb_dim=\dimen106
\g_tmpa_dim=\dimen107
\g_tmpb_dim=\dimen108
\c_zero_skip=\skip43
\c_max_skip=\skip44
\l_tmpa_skip=\skip45
\l_tmpb_skip=\skip46
\g_tmpa_skip=\skip47
\g_tmpb_skip=\skip48
\c_zero_muskip=\muskip10
\c_max_muskip=\muskip11
\l_tmpa_muskip=\muskip12
\l_tmpb_muskip=\muskip13
\g_tmpa_muskip=\muskip14
\g_tmpb_muskip=\muskip15
\l_keys_choice_int=\count100
\l__intarray_loop_int=\count101
\c__intarray_sp_dim=\dimen109
\g__intarray_font_int=\count102
\c__fp_leading_shift_int=\count103
\c__fp_middle_shift_int=\count104
\c__fp_trailing_shift_int=\count105
\c__fp_big_leading_shift_int=\count106
\c__fp_big_middle_shift_int=\count107
\c__fp_big_trailing_shift_int=\count108
\c__fp_Bigg_leading_shift_int=\count109
\c__fp_Bigg_middle_shift_int=\count110
\c__fp_Bigg_trailing_shift_int=\count111
\g__fp_array_int=\count112
\l__fp_array_loop_int=\count113
\l__sort_length_int=\count114
\l__sort_min_int=\count115
\l__sort_top_int=\count116
\l__sort_max_int=\count117
\l__sort_true_max_int=\count118
\l__sort_block_int=\count119
\l__sort_begin_int=\count120
\l__sort_end_int=\count121
\l__sort_A_int=\count122
\l__sort_B_int=\count123
\l__sort_C_int=\count124
\l__tl_analysis_normal_int=\count125
\l__tl_analysis_index_int=\count126
\l__tl_analysis_nesting_int=\count127
\l__tl_analysis_type_int=\count128
\l__regex_internal_a_int=\count129
\l__regex_internal_b_int=\count130
\l__regex_internal_c_int=\count131
\l__regex_balance_int=\count132
\l__regex_group_level_int=\count133
\l__regex_mode_int=\count134
\c__regex_cs_in_class_mode_int=\count135
\c__regex_cs_mode_int=\count136
\l__regex_catcodes_int=\count137
\l__regex_default_catcodes_int=\count138
\c__regex_catcode_L_int=\count139
\c__regex_catcode_O_int=\count140
\c__regex_catcode_A_int=\count141
\c__regex_all_catcodes_int=\count142
\l__regex_show_lines_int=\count143
\l__regex_min_state_int=\count144
\l__regex_max_state_int=\count145
\l__regex_left_state_int=\count146
\l__regex_right_state_int=\count147
\l__regex_capturing_group_int=\count148
\l__regex_min_pos_int=\count149
\l__regex_max_pos_int=\count150
\l__regex_curr_pos_int=\count151
\l__regex_start_pos_int=\count152
\l__regex_success_pos_int=\count153
\l__regex_curr_char_int=\count154
\l__regex_curr_catcode_int=\count155
\l__regex_last_char_int=\count156
\l__regex_case_changed_char_int=\count157
\l__regex_curr_state_int=\count158
\l__regex_step_int=\count159
\l__regex_min_active_int=\count160
\l__regex_max_active_int=\count161
\l__regex_replacement_csnames_int=\count162
\l__regex_match_count_int=\count163
\l__regex_min_submatch_int=\count164
\l__regex_submatch_int=\count165
\l__regex_zeroth_submatch_int=\count166
\g__regex_trace_regex_int=\count167
\c_empty_box=\box27
\l_tmpa_box=\box28
\l_tmpb_box=\box29
\g_tmpa_box=\box30
\g_tmpb_box=\box31
\l__box_top_dim=\dimen110
\l__box_bottom_dim=\dimen111
\l__box_left_dim=\dimen112
\l__box_right_dim=\dimen113
\l__box_top_new_dim=\dimen114
\l__box_bottom_new_dim=\dimen115
\l__box_left_new_dim=\dimen116
\l__box_right_new_dim=\dimen117
\l__box_internal_box=\box32
\l__coffin_internal_box=\box33
\l__coffin_internal_dim=\dimen118
\l__coffin_offset_x_dim=\dimen119
\l__coffin_offset_y_dim=\dimen120
\l__coffin_x_dim=\dimen121
\l__coffin_y_dim=\dimen122
\l__coffin_x_prime_dim=\dimen123
\l__coffin_y_prime_dim=\dimen124
\c_empty_coffin=\box34
\l__coffin_aligned_coffin=\box35
\l__coffin_aligned_internal_coffin=\box36
\l_tmpa_coffin=\box37
\l_tmpb_coffin=\box38
\g_tmpa_coffin=\box39
\g_tmpb_coffin=\box40
\l__coffin_bounding_shift_dim=\dimen125
\l__coffin_left_corner_dim=\dimen126
\l__coffin_right_corner_dim=\dimen127
\l__coffin_bottom_corner_dim=\dimen128
\l__coffin_top_corner_dim=\dimen129
\l__coffin_scaled_total_height_dim=\dimen130
\l__coffin_scaled_width_dim=\dimen131
\c__coffin_empty_coffin=\box41
\l__coffin_display_coffin=\box42
\l__coffin_display_coord_coffin=\box43
\l__coffin_display_pole_coffin=\box44
\l__coffin_display_offset_dim=\dimen132
\l__coffin_display_x_dim=\dimen133
\l__coffin_display_y_dim=\dimen134
\g__file_internal_ior=\read1
\l__seq_internal_a_int=\count168
\l__seq_internal_b_int=\count169
\c__deprecation_minus_one=\count170
) ("D:\pograml files\miktex\tex/latex/l3kernel\l3xdvipdfmx.def"
File: l3xdvipdfmx.def 2019-04-06 v L3 Experimental driver: xdvipdfmx
\l__driver_internal_box=\box45
\g__driver_graphics_int=\count171
\g__driver_pdf_object_int=\count172
\g__driver_pdf_annotation_int=\count173
))
Package: xparse 2019-05-28 L3 Experimental document command parser
\l__xparse_current_arg_int=\count174
\g__xparse_grabber_int=\count175
\l__xparse_m_args_int=\count176
\l__xparse_v_nesting_int=\count177
)
Package: fontspec 2019/03/15 v2.7c Font selection for XeLaTeX and LuaLaTeX
 ("D:\pograml files\miktex\tex/latex/fontspec\fontspec-xetex.sty"
Package: fontspec-xetex 2019/03/15 v2.7c Font selection for XeLaTeX and LuaLaTeX
\l__fontspec_script_int=\count178
\l__fontspec_language_int=\count179
\l__fontspec_strnum_int=\count180
\l__fontspec_tmp_int=\count181
\l__fontspec_tmpa_int=\count182
\l__fontspec_tmpb_int=\count183
\l__fontspec_tmpc_int=\count184
\l__fontspec_em_int=\count185
\l__fontspec_emdef_int=\count186
\l__fontspec_strong_int=\count187
\l__fontspec_strongdef_int=\count188
\l__fontspec_tmpa_dim=\dimen135
\l__fontspec_tmpb_dim=\dimen136
\l__fontspec_tmpc_dim=\dimen137
 ("D:\pograml files\miktex\tex/latex/base\fontenc.sty"
Package: fontenc 2018/08/11 v2.0j Standard LaTeX package
 ("D:\pograml files\miktex\tex/latex/base\tuenc.def"
File: tuenc.def 2018/08/11 v2.0j Standard LaTeX file
LaTeX Font Info:    Redeclaring font encoding TU on input line 82.
)) ("D:\pograml files\miktex\tex/latex/fontspec\fontspec.cfg")
LaTeX Info: Redefining \itshape on input line 4051.
LaTeX Info: Redefining \slshape on input line 4056.
LaTeX Info: Redefining \scshape on input line 4061.
LaTeX Info: Redefining \upshape on input line 4066.
LaTeX Info: Redefining \em on input line 4096.
LaTeX Info: Redefining \emph on input line 4121.
)) ("D:\pograml files\miktex\tex/latex/graphics\graphicx.sty"
Package: graphicx 2017/06/01 v1.1a Enhanced LaTeX Graphics (DPC,SPQR)
 ("D:\pograml files\miktex\tex/latex/graphics\keyval.sty"
Package: keyval 2014/10/28 v1.15 key=value parser (DPC)
\KV@toks@=\toks14
) ("D:\pograml files\miktex\tex/latex/graphics\graphics.sty"
Package: graphics 2017/06/25 v1.2c Standard LaTeX Graphics (DPC,SPQR)
 ("D:\pograml files\miktex\tex/latex/graphics\trig.sty"
Package: trig 2016/01/03 v1.10 sin cos tan (DPC)
) ("D:\pograml files\miktex\tex/latex/graphics-cfg\graphics.cfg"
File: graphics.cfg 2016/06/04 v1.11 sample graphics configuration
)
Package graphics Info: Driver file: xetex.def on input line 99.
 ("D:\pograml files\miktex\tex/latex/graphics-def\xetex.def"
File: xetex.def 2017/06/24 v5.0h Graphics/color driver for xetex
))
\Gin@req@height=\dimen138
\Gin@req@width=\dimen139
) ("D:\pograml files\miktex\tex/latex/enumitem\enumitem.sty"
Package: enumitem 2019/02/04 v3.8 Customized lists
\labelindent=\skip49
\enit@outerparindent=\dimen140
\enit@toks=\toks15
\enit@inbox=\box46
\enit@count@id=\count189
\enitdp@description=\count190
) ("D:\pograml files\miktex\tex/latex/listings\listings.sty"
\lst@mode=\count191
\lst@gtempboxa=\box47
\lst@token=\toks16
\lst@length=\count192
\lst@currlwidth=\dimen141
\lst@column=\count193
\lst@pos=\count194
\lst@lostspace=\dimen142
\lst@width=\dimen143
\lst@newlines=\count195
\lst@lineno=\count196
\lst@maxwidth=\dimen144
 ("D:\pograml files\miktex\tex/latex/listings\lstmisc.sty"
File: lstmisc.sty 2019/02/27 1.8b (Carsten Heinz)
\c@lstnumber=\count197
\lst@skipnumbers=\count198
\lst@framebox=\box48
) ("D:\pograml files\miktex\tex/latex/listings\listings.cfg"
File: listings.cfg 2019/02/27 1.8b listings configuration
))
Package: listings 2019/02/27 1.8b (Carsten Heinz)
 ("D:\pograml files\miktex\tex/latex/amsmath\amsmath.sty"
Package: amsmath 2018/12/01 v2.17b AMS math features
\@mathmargin=\skip50

For additional information on amsmath, use the `?' option.
("D:\pograml files\miktex\tex/latex/amsmath\amstext.sty"
Package: amstext 2000/06/29 v2.01 AMS text
 ("D:\pograml files\miktex\tex/latex/amsmath\amsgen.sty"
File: amsgen.sty 1999/11/30 v2.0 generic functions
\@emptytoks=\toks17
\ex@=\dimen145
)) ("D:\pograml files\miktex\tex/latex/amsmath\amsbsy.sty"
Package: amsbsy 1999/11/29 v1.2d Bold Symbols
\pmbraise@=\dimen146
) ("D:\pograml files\miktex\tex/latex/amsmath\amsopn.sty"
Package: amsopn 2016/03/08 v2.02 operator names
)
\inf@bad=\count199
LaTeX Info: Redefining \frac on input line 223.
\uproot@=\count266
\leftroot@=\count267
LaTeX Info: Redefining \overline on input line 385.
\classnum@=\count268
\DOTSCASE@=\count269
LaTeX Info: Redefining \ldots on input line 482.
LaTeX Info: Redefining \dots on input line 485.
LaTeX Info: Redefining \cdots on input line 606.
\Mathstrutbox@=\box49
\strutbox@=\box50
\big@size=\dimen147
LaTeX Font Info:    Redeclaring font encoding OML on input line 729.
LaTeX Font Info:    Redeclaring font encoding OMS on input line 730.
\macc@depth=\count270
\c@MaxMatrixCols=\count271
\dotsspace@=\muskip16
\c@parentequation=\count272
\dspbrk@lvl=\count273
\tag@help=\toks18
\row@=\count274
\column@=\count275
\maxfields@=\count276
\andhelp@=\toks19
\eqnshift@=\dimen148
\alignsep@=\dimen149
\tagshift@=\dimen150
\tagwidth@=\dimen151
\totwidth@=\dimen152
\lineht@=\dimen153
\@envbody=\toks20
\multlinegap=\skip51
\multlinetaggap=\skip52
\mathdisplay@stack=\toks21
LaTeX Info: Redefining \[ on input line 2844.
LaTeX Info: Redefining \] on input line 2845.
) ("D:\pograml files\miktex\tex/latex/float\float.sty"
Package: float 2001/11/08 v1.3d Float enhancements (AL)
\c@float@type=\count277
\float@exts=\toks22
\float@box=\box51
\@float@everytoks=\toks23
\@floatcapt=\box52
) ("D:\pograml files\miktex\tex/latex/algorithms\algorithm.sty"
Invalid UTF-8 byte or sequence at line 11 replaced by U+FFFD.
Package: algorithm 2009/08/24 v0.1 Document Style `algorithm' - floating environment
 ("D:\pograml files\miktex\tex/latex/base\ifthen.sty"
Package: ifthen 2014/09/29 v1.1c Standard LaTeX ifthen package (DPC)
)
\@float@every@algorithm=\toks24
\c@algorithm=\count278
) ("D:\pograml files\miktex\tex/latex/algorithmicx\algpseudocode.sty"
Package: algpseudocode 
 ("D:\pograml files\miktex\tex/latex/algorithmicx\algorithmicx.sty"
Package: algorithmicx 2005/04/27 v1.2 Algorithmicx

Document Style algorithmicx 1.2 - a greatly improved `algorithmic' style
\c@ALG@line=\count279
\c@ALG@rem=\count280
\c@ALG@nested=\count281
\ALG@tlm=\skip53
\ALG@thistlm=\skip54
\c@ALG@Lnr=\count282
\c@ALG@blocknr=\count283
\c@ALG@storecount=\count284
\c@ALG@tmpcounter=\count285
\ALG@tmplength=\skip55
)
Document Style - pseudocode environments for use with the `algorithmicx' style
) ("D:\pograml files\miktex\tex/latex/tools\indentfirst.sty"
Package: indentfirst 1995/11/23 v1.03 Indent first paragraph (DPC)
) ("D:\pograml files\miktex\tex/latex/was\gensymb.sty"
Package: gensymb 2003/07/02 v1.0 (WaS)
) ("D:\pograml files\miktex\tex/latex/subfig\subfig.sty"
Package: subfig 2005/06/28 ver: 1.3 subfig package
 ("D:\pograml files\miktex\tex/latex/caption\caption.sty"
Package: caption 2018/10/06 v3.3-154 Customizing captions (AR)
 ("D:\pograml files\miktex\tex/latex/caption\caption3.sty"
Package: caption3 2018/09/12 v1.8c caption3 kernel (AR)
Package caption3 Info: TeX engine: e-TeX on input line 64.
\captionmargin=\dimen154
\captionmargin@=\dimen155
\captionwidth=\dimen156
\caption@tempdima=\dimen157
\caption@indent=\dimen158
\caption@parindent=\dimen159
\caption@hangindent=\dimen160
)
\c@caption@flags=\count286
\c@ContinuedFloat=\count287
Package caption Info: float package is loaded.
Package caption Info: listings package is loaded.
)
\c@KVtest=\count288
\sf@farskip=\skip56
\sf@captopadj=\dimen161
\sf@capskip=\skip57
\sf@nearskip=\skip58
\c@subfigure=\count289
\c@subfigure@save=\count290
\c@lofdepth=\count291
\c@subtable=\count292
\c@subtable@save=\count293
\c@lotdepth=\count294
\sf@top=\skip59
\sf@bottom=\skip60
) (licenta.aux

LaTeX Warning: Label `fig:tabs' multiply defined.


LaTeX Warning: Label `fig:tabs' multiply defined.


LaTeX Warning: Label `fig:tabs' multiply defined.


LaTeX Warning: Label `fig:tabs' multiply defined.


LaTeX Warning: Label `fig:tabs' multiply defined.


LaTeX Warning: Label `fig:tabs' multiply defined.


LaTeX Warning: Label `fig:tabs' multiply defined.


LaTeX Warning: Label `fig:tabs' multiply defined.


LaTeX Warning: Label `fig:tabs' multiply defined.


LaTeX Warning: Label `fig:tabs' multiply defined.


LaTeX Warning: Label `fig:tabs' multiply defined.


LaTeX Warning: Label `fig:tabs' multiply defined.


LaTeX Warning: Label `fig:tabs' multiply defined.


LaTeX Warning: Label `fig:tabs' multiply defined.


LaTeX Warning: Label `fig:tabs' multiply defined.


LaTeX Warning: Label `fig:tabs' multiply defined.


LaTeX Warning: Label `fig:tabs' multiply defined.

)
\openout1 = `licenta.aux'.

LaTeX Font Info:    Checking defaults for OML/cmm/m/it on input line 21.
LaTeX Font Info:    ... okay on input line 21.
LaTeX Font Info:    Checking defaults for T1/cmr/m/n on input line 21.
LaTeX Font Info:    ... okay on input line 21.
LaTeX Font Info:    Checking defaults for OT1/cmr/m/n on input line 21.
LaTeX Font Info:    ... okay on input line 21.
LaTeX Font Info:    Checking defaults for OMS/cmsy/m/n on input line 21.
LaTeX Font Info:    ... okay on input line 21.
LaTeX Font Info:    Checking defaults for TU/lmr/m/n on input line 21.
LaTeX Font Info:    ... okay on input line 21.
LaTeX Font Info:    Checking defaults for OMX/cmex/m/n on input line 21.
LaTeX Font Info:    ... okay on input line 21.
LaTeX Font Info:    Checking defaults for U/cmr/m/n on input line 21.
LaTeX Font Info:    ... okay on input line 21.

Package fontspec Info: Adjusting the maths setup (use [no-math] to avoid
(fontspec)             this).

\symlegacymaths=\mathgroup4
LaTeX Font Info:    Overwriting symbol font `legacymaths' in version `bold'
(Font)                  OT1/cmr/m/n --> OT1/cmr/bx/n on input line 21.
LaTeX Font Info:    Redeclaring math accent \acute on input line 21.
LaTeX Font Info:    Redeclaring math accent \grave on input line 21.
LaTeX Font Info:    Redeclaring math accent \ddot on input line 21.
LaTeX Font Info:    Redeclaring math accent \tilde on input line 21.
LaTeX Font Info:    Redeclaring math accent \bar on input line 21.
LaTeX Font Info:    Redeclaring math accent \breve on input line 21.
LaTeX Font Info:    Redeclaring math accent \check on input line 21.
LaTeX Font Info:    Redeclaring math accent \hat on input line 21.
LaTeX Font Info:    Redeclaring math accent \dot on input line 21.
LaTeX Font Info:    Redeclaring math accent \mathring on input line 21.
LaTeX Font Info:    Redeclaring math symbol \Gamma on input line 21.
LaTeX Font Info:    Redeclaring math symbol \Delta on input line 21.
LaTeX Font Info:    Redeclaring math symbol \Theta on input line 21.
LaTeX Font Info:    Redeclaring math symbol \Lambda on input line 21.
LaTeX Font Info:    Redeclaring math symbol \Xi on input line 21.
LaTeX Font Info:    Redeclaring math symbol \Pi on input line 21.
LaTeX Font Info:    Redeclaring math symbol \Sigma on input line 21.
LaTeX Font Info:    Redeclaring math symbol \Upsilon on input line 21.
LaTeX Font Info:    Redeclaring math symbol \Phi on input line 21.
LaTeX Font Info:    Redeclaring math symbol \Psi on input line 21.
LaTeX Font Info:    Redeclaring math symbol \Omega on input line 21.
LaTeX Font Info:    Redeclaring math symbol \mathdollar on input line 21.
LaTeX Font Info:    Redeclaring symbol font `operators' on input line 21.
LaTeX Font Info:    Encoding `OT1' has changed to `TU' for symbol font
(Font)              `operators' in the math version `normal' on input line 21.
LaTeX Font Info:    Overwriting symbol font `operators' in version `normal'
(Font)                  OT1/cmr/m/n --> TU/lmr/m/n on input line 21.
LaTeX Font Info:    Encoding `OT1' has changed to `TU' for symbol font
(Font)              `operators' in the math version `bold' on input line 21.
LaTeX Font Info:    Overwriting symbol font `operators' in version `bold'
(Font)                  OT1/cmr/bx/n --> TU/lmr/m/n on input line 21.
LaTeX Font Info:    Overwriting symbol font `operators' in version `normal'
(Font)                  TU/lmr/m/n --> TU/lmr/m/n on input line 21.
LaTeX Font Info:    Overwriting math alphabet `\mathit' in version `normal'
(Font)                  OT1/cmr/m/it --> TU/lmr/m/it on input line 21.
LaTeX Font Info:    Overwriting math alphabet `\mathbf' in version `normal'
(Font)                  OT1/cmr/bx/n --> TU/lmr/bx/n on input line 21.
LaTeX Font Info:    Overwriting math alphabet `\mathsf' in version `normal'
(Font)                  OT1/cmss/m/n --> TU/lmss/m/n on input line 21.
LaTeX Font Info:    Overwriting math alphabet `\mathtt' in version `normal'
(Font)                  OT1/cmtt/m/n --> TU/lmtt/m/n on input line 21.
LaTeX Font Info:    Overwriting symbol font `operators' in version `bold'
(Font)                  TU/lmr/m/n --> TU/lmr/bx/n on input line 21.
LaTeX Font Info:    Overwriting math alphabet `\mathit' in version `bold'
(Font)                  OT1/cmr/bx/it --> TU/lmr/bx/it on input line 21.
LaTeX Font Info:    Overwriting math alphabet `\mathsf' in version `bold'
(Font)                  OT1/cmss/bx/n --> TU/lmss/bx/n on input line 21.
LaTeX Font Info:    Overwriting math alphabet `\mathtt' in version `bold'
(Font)                  OT1/cmtt/m/n --> TU/lmtt/bx/n on input line 21.
\c@lstlisting=\count295
LaTeX Info: Redefining \celsius on input line 21.
Package gensymb Info: Faking symbols for \degree and \celsius on input line 21.


Package gensymb Warning: Not defining \perthousand.

LaTeX Info: Redefining \ohm on input line 21.
Package gensymb Info: Using \Omega for \ohm on input line 21.

Package gensymb Warning: Not defining \micro.

Package caption Info: Begin \AtBeginDocument code.
Package caption Info: subfig package v1.3 is loaded.
Package caption Info: End \AtBeginDocument code.

Package fontspec Info: Could not resolve font "UTSans-Regular/BI" (it probably
(fontspec)             doesn't exist).


Package fontspec Info: Could not resolve font "UTSans-Regular/B" (it probably
(fontspec)             doesn't exist).


Package fontspec Info: Could not resolve font "UTSans-Regular/I" (it probably
(fontspec)             doesn't exist).


Package fontspec Info: Font family 'UTSans-Regular(0)' created for font
(fontspec)             'UTSans-Regular' with options
(fontspec)             [Ligatures=TeX,Ligatures=TeX].
(fontspec)              
(fontspec)              This font family consists of the following NFSS
(fontspec)             series/shapes:
(fontspec)              
(fontspec)             - 'normal' (m/n) with NFSS spec.:
(fontspec)             <->"UTSans-Regular/OT:script=latn;language=DFLT;mapping=tex-text;"
(fontspec)             - 'small caps'  (m/sc) with NFSS spec.: 

LaTeX Info: Redefining \rmfamily on input line 23.

LaTeX Font Warning: Font shape `TU/UTSans-Regular(0)/bx/n' undefined
(Font)              using `TU/UTSans-Regular(0)/m/n' instead on input line 24.

(licenta.toc [1

])
\tf@toc=\write3
\openout3 = `licenta.toc'.

 [2] (capitole/coperta.tex) (capitole/abstract.tex
Underfull \hbox (badness 10000) in paragraph at lines 5--11

 []

) (capitole/istorie.tex
Underfull \hbox (badness 10000) in paragraph at lines 12--1

 []

[3]
Underfull \hbox (badness 10000) in paragraph at lines 3--8

 []

File: imagini/istorie/bridge.png Graphic file (type bmp)
<imagini/istorie/bridge.png>

Underfull \hbox (badness 10000) in paragraph at lines 19--22

 []

) (capitole/data.tex
Underfull \hbox (badness 10000) in paragraph at lines 23--1

 []

[4]) (capitole/xml.tex [5]
Underfull \hbox (badness 10000) in paragraph at lines 36--41

 []

[6]
Overfull \hbox (9.73792pt too wide) in paragraph at lines 50--51
[]\TU/UTSans-Regular(0)/bx/n/12 Caracter - un document XML este format din string-urui de caractere. Aproape
 []

[7]) (capitole/proiectie_ortografica.tex [8]
Underfull \hbox (badness 10000) in paragraph at lines 4--7

 []


Overfull \hbox (0.34811pt too wide) in paragraph at lines 8--14
[]\TU/UTSans-Regular(0)/bx/n/12 Termenul ortografic este uneori rezervat în mod specific pentru reprezen-
 []


Overfull \hbox (2.66414pt too wide) in paragraph at lines 8--14
\TU/UTSans-Regular(0)/bx/n/12 tări ale obiectelor în care axele principale sau planurile obiectului sunt de aseme-
 []


Underfull \hbox (badness 10000) in paragraph at lines 8--14

 []

File: imagini/proiectie/ortografica.png Graphic file (type bmp)
<imagini/proiectie/ortografica.png>
[9]
Overfull \hbox (17.23209pt too wide) in paragraph at lines 58--62
[]\TU/UTSans-Regular(0)/bx/n/12 Acest concept a fost aplicat pentru reprezentarea elementelor care formeaza
 []


Overfull \hbox (4.24011pt too wide) in paragraph at lines 58--62
\TU/UTSans-Regular(0)/bx/n/12 intregrul model 3D. Setul de date nu contine dimensiunile exacte ale elementelor
 []


Underfull \hbox (badness 10000) in paragraph at lines 58--62

 []

) (capitole/turtle_graphics.tex [10]
Underfull \hbox (badness 10000) in paragraph at lines 4--7

 []


Underfull \hbox (badness 10000) in paragraph at lines 8--10

 []


Underfull \hbox (badness 10000) in paragraph at lines 11--13

 []


Underfull \hbox (badness 10000) in paragraph at lines 14--16

 []

("D:\pograml files\miktex\tex/latex/listings\lstlang1.sty"
File: lstlang1.sty 2019/02/27 1.8b listings language file
) ("D:\pograml files\miktex\tex/latex/listings\lstlang1.sty"
File: lstlang1.sty 2019/02/27 1.8b listings language file
) ("D:\pograml files\miktex\tex/latex/listings\lstmisc.sty"
File: lstmisc.sty 2019/02/27 1.8b (Carsten Heinz)
) [11]
Overfull \hbox (8.18494pt too wide) in paragraph at lines 45--50
\TU/UTSans-Regular(0)/bx/n/12 trei comenzi de forward desenează laturile triunghiului de lungime $\OT1/cmr/m/n/12 100$\TU/UTSans-Regular(0)/bx/n/12 , adăugând
 []


Underfull \hbox (badness 10000) in paragraph at lines 45--50

 []


Overfull \hbox (28.95213pt too wide) in paragraph at lines 61--64
[]\TU/UTSans-Regular(0)/bx/n/12 Pentru [][]\TU/lmtt/m/n/12 nrOfEdges=3 []\TU/UTSans-Regular(0)/bx/n/12 avem din nou un triunghi echilateral, pentru [][]\TU/lmtt/m/n/12 nrOfEdges=4
 []


Underfull \hbox (badness 10000) in paragraph at lines 61--64

 []

File: imagini/turtle/circle.png Graphic file (type bmp)
<imagini/turtle/circle.png>

Overfull \hbox (6.48012pt too wide) in paragraph at lines 73--75
[]\TU/UTSans-Regular(0)/bx/n/12 Extinzând aceste metode elementare de desenare putem ajunge la modal-
 []


Underfull \hbox (badness 10000) in paragraph at lines 73--75

 []

File: imagini/turtle/joints.png Graphic file (type bmp)
<imagini/turtle/joints.png>
File: imagini/turtle/connectors.png Graphic file (type bmp)
<imagini/turtle/connectors.png>
[12]
Overfull \hbox (3.70811pt too wide) in paragraph at lines 86--89
[]\TU/UTSans-Regular(0)/bx/n/12 Pentru imeplementarea mea a acestui concept am adaugat funcțiile save()
 []


Overfull \hbox (3.97879pt too wide) in paragraph at lines 86--89
\TU/UTSans-Regular(0)/bx/n/12 și load() pentru a eficientiza procesul de desenare. Funcția save() salveaza starea
 []


Underfull \hbox (badness 10000) in paragraph at lines 86--89

 []

[13]) (capitole/graf.tex [14]
Underfull \hbox (badness 10000) in paragraph at lines 4--8

 []


Overfull \hbox (16.0361pt too wide) in paragraph at lines 9--14
\TU/UTSans-Regular(0)/bx/n/12 reprezentat în formă schematică ca un set/grup de puncte care reprezintă nodurile,
 []


Underfull \hbox (badness 10000) in paragraph at lines 9--14

 []


Overfull \hbox (3.26013pt too wide) in paragraph at lines 15--17
[]\TU/UTSans-Regular(0)/bx/n/12 Grafurile sunt numite astfel datorită reprezentării grafice, și datorită aces-
 []


Underfull \hbox (badness 10000) in paragraph at lines 15--17

 []


Overfull \hbox (40.77396pt too wide) in paragraph at lines 19--23
[]\TU/UTSans-Regular(0)/bx/n/12 Din punct de vedere matematic un graf G este un triplet ordonat $\OT1/cmr/m/n/12 (\OML/cmm/m/it/12 V\OT1/cmr/m/n/12 (\OML/cmm/m/it/12 G\OT1/cmr/m/n/12 )\OML/cmm/m/it/12 ; E\OT1/cmr/m/n/12 (\OML/cmm/m/it/12 E\OT1/cmr/m/n/12 )\OML/cmm/m/it/12 ;  []\OT1/cmr/m/n/12 )$
 []


Underfull \hbox (badness 10000) in paragraph at lines 19--23

 []


Underfull \hbox (badness 10000) in paragraph at lines 24--26

 []


Underfull \hbox (badness 10000) in paragraph at lines 27--29

 []

[15]
Underfull \hbox (badness 10000) in paragraph at lines 30--34

 []


Underfull \hbox (badness 10000) in paragraph at lines 41--43

 []


Underfull \hbox (badness 10000) in paragraph at lines 45--48

 []


Underfull \hbox (badness 10000) in paragraph at lines 48--50

 []


Underfull \hbox (badness 10000) in paragraph at lines 52--53

 []

[16]
Underfull \hbox (badness 10000) in paragraph at lines 75--77

 []


Underfull \hbox (badness 10000) in paragraph at lines 78--79

 []


Underfull \hbox (badness 10000) in paragraph at lines 80--82

 []


Underfull \hbox (badness 10000) in paragraph at lines 83--84

 []


Underfull \hbox (badness 10000) in paragraph at lines 85--87

 []

File: imagini/graf/notplanar.png Graphic file (type bmp)
<imagini/graf/notplanar.png>
[17]
File: imagini/graf/butterfly.png Graphic file (type bmp)
<imagini/graf/butterfly.png>
 [18]
Underfull \hbox (badness 10000) in paragraph at lines 121--128

 []


Overfull \hbox (19.93082pt too wide) in paragraph at lines 131--138
\TU/UTSans-Regular(0)/bx/n/12 sistem fizic, biologic, social sau informatic. Multe probleme practice pot fi reprezen-
 []


Overfull \hbox (19.5268pt too wide) in paragraph at lines 131--138
\TU/UTSans-Regular(0)/bx/n/12 tate prin grafuri. In domeniul informaticii grafurile pot fi folosite pentru a reprezenta
 []


Overfull \hbox (2.73882pt too wide) in paragraph at lines 131--138
\TU/UTSans-Regular(0)/bx/n/12 calcul, etc. De exemplu și un site web poate fi reprezentat printr-un graf, paginile
 []

) (capitole/force_directed.tex [19]
Underfull \hbox (badness 10000) in paragraph at lines 4--10

 []


Underfull \hbox (badness 10000) in paragraph at lines 11--20

 []


Overfull \hbox (1.02725pt too wide) in paragraph at lines 21--26
[]\TU/UTSans-Regular(0)/bx/n/12 O forță similară cu cea a gravitații poate fi folosită pentru a atrage nodurile
 []


Underfull \hbox (badness 10000) in paragraph at lines 21--26

 []


Underfull \hbox (badness 10000) in paragraph at lines 29--34

 []

[20]
Underfull \hbox (badness 10000) in paragraph at lines 35--37

 []

[21]
Overfull \hbox (8.46928pt too wide) in paragraph at lines 88--91
\OML/cmm/m/it/12 O\OT1/cmr/m/n/12 (\OML/cmm/m/it/12 n[]\OT1/cmr/m/n/12 )$\TU/UTSans-Regular(0)/bx/n/12 , unde $\OML/cmm/m/it/12 n$ \TU/UTSans-Regular(0)/bx/n/12 este numărul de noduri din graf. Acest lucru rezulta deoarece
 []


Overfull \hbox (0.80812pt too wide) in paragraph at lines 94--101
\TU/UTSans-Regular(0)/bx/n/12 rezultata se poate afla într-un minim local al funcție ce trebuie optimizate,
 []

[22]
Underfull \hbox (badness 10000) in paragraph at lines 119--122

 []

[23]
Overfull \hbox (3.4641pt too wide) in paragraph at lines 138--141
[]\TU/UTSans-Regular(0)/bx/n/12 Algoritmul Fruchterman-Reingold de desenare a grafurilor introduce noți-
 []


Overfull \hbox (3.26971pt too wide) in paragraph at lines 138--141
\TU/UTSans-Regular(0)/bx/n/12 scade la fiecare iterație pana la $\OT1/cmr/m/n/12 0$\TU/UTSans-Regular(0)/bx/n/12 . Temperatura controlează deplasarea nodurilor
 []


Underfull \hbox (badness 10000) in paragraph at lines 144--149

 []

[24]) (capitole/tehnologii.tex [25]
Underfull \hbox (badness 10000) in paragraph at lines 5--9

 []


Underfull \hbox (badness 10000) in paragraph at lines 10--13

 []


Underfull \hbox (badness 10000) in paragraph at lines 14--19

 []


Underfull \hbox (badness 10000) in paragraph at lines 22--27

 []


Underfull \hbox (badness 10000) in paragraph at lines 28--31

 []

[26]
Underfull \hbox (badness 10000) in paragraph at lines 32--35

 []


Underfull \hbox (badness 10000) in paragraph at lines 36--37

 []

[27]
Underfull \hbox (badness 10000) in paragraph at lines 66--69

 []


Underfull \hbox (badness 10000) in paragraph at lines 70--72

 []


Underfull \hbox (badness 10000) in paragraph at lines 73--75

 []


Overfull \hbox (2.55519pt too wide) in paragraph at lines 81--82
[]\TU/UTSans-Regular(0)/bx/n/12 O interfață pentru controlarea unui număr mare de elemente grafice. 
 []


Overfull \hbox (20.15874pt too wide) in paragraph at lines 86--92
\TU/UTSans-Regular(0)/bx/n/12 punct, un dreptunghi, un poligon sau un vector. [][]\TU/lmtt/m/n/12 QGraphicsScene::itemAt()
 []


Underfull \hbox (badness 10000) in paragraph at lines 86--92

 []

[28]
Overfull \hbox (64.80432pt too wide) in paragraph at lines 96--97
[][][][][][][][][][][][][][][][] 
 []


Overfull \hbox (6.35208pt too wide) in paragraph at lines 100--103
[]\TU/UTSans-Regular(0)/bx/n/12 Arhitectura de propagare a evenimentelor a clasei QGraphicsScene asigura
 []


Overfull \hbox (18.6081pt too wide) in paragraph at lines 100--103
\TU/UTSans-Regular(0)/bx/n/12 transmiterea evenimentelor către elemente dar și propagarea evenimentelor
 []


Underfull \hbox (badness 10000) in paragraph at lines 100--103

 []


Overfull \hbox (107.58673pt too wide) in paragraph at lines 104--109
\TU/UTSans-Regular(0)/bx/n/12 tatura. Mai multe elemente pot fi selectate folosind [][]\TU/lmtt/m/n/12 QGraphicsScene::setSelectionArea()[]\TU/UTSans-Regular(0)/bx/n/12 .
 []


Overfull \hbox (121.9081pt too wide) in paragraph at lines 104--109
\TU/UTSans-Regular(0)/bx/n/12 Pentru a accesa toate elementele selectate se poate folosi [][]\TU/lmtt/m/n/12 QGraphicsScene::selectedItems()[]\TU/UTSans-Regular(0)/bx/n/12 .
 []


Overfull \hbox (133.30806pt too wide) in paragraph at lines 104--109
\TU/UTSans-Regular(0)/bx/n/12 seta prin apelarea funcției [][]\TU/lmtt/m/n/12 QGraphicsScene::setFocusItem() []\TU/UTSans-Regular(0)/bx/n/12 sau [][]\TU/lmtt/m/n/12 QGraphicsItem::setFocus()[]\TU/UTSans-Regular(0)/bx/n/12 ,
 []


Overfull \hbox (29.3681pt too wide) in paragraph at lines 104--109
\TU/UTSans-Regular(0)/bx/n/12 iar pentru a accesa elementul curent în focus [][]\TU/lmtt/m/n/12 QGraphicsScene::focusItem()[]\TU/UTSans-Regular(0)/bx/n/12 . 
 []


Underfull \hbox (badness 10000) in paragraph at lines 104--109

 []


Underfull \hbox (badness 10000) in paragraph at lines 124--127

 []


Overfull \hbox (86.3867pt too wide) in paragraph at lines 128--131
\TU/UTSans-Regular(0)/bx/n/12 natele view-ului. [][]\TU/lmtt/m/n/12 QGraphicsView::mapToScene() []\TU/UTSans-Regular(0)/bx/n/12 si [][]\TU/lmtt/m/n/12 QGraphicsView::mapFromScene()[]\TU/UTSans-Regular(0)/bx/n/12 . 
 []


Underfull \hbox (badness 10000) in paragraph at lines 128--131

 []

[29]
Overfull \hbox (5.31612pt too wide) in paragraph at lines 134--138
[]\TU/UTSans-Regular(0)/bx/n/12 QGraphicsItem este clasa de baza pentru elementele grafice dintr-o scena.
 []


Overfull \hbox (36.09207pt too wide) in paragraph at lines 134--138
\TU/UTSans-Regular(0)/bx/n/12 ple, precum dreptunghi ([][]\TU/lmtt/m/n/12 QGraphicsRectItem[]\TU/UTSans-Regular(0)/bx/n/12 ), elipsa ([][]\TU/lmtt/m/n/12 QGraphicsEllipseItem[]\TU/UTSans-Regular(0)/bx/n/12 ),
 []


Overfull \hbox (2.80275pt too wide) in paragraph at lines 134--138
\TU/UTSans-Regular(0)/bx/n/12 dar și text ([][]\TU/lmtt/m/n/12 QGraphicsTextItem[]\TU/UTSans-Regular(0)/bx/n/12 ). De obicei utilizatorul specializează clasa
 []


Overfull \hbox (1.20413pt too wide) in paragraph at lines 134--138
\TU/UTSans-Regular(0)/bx/n/12 de baza prin moștenire pentru a obține elemente grafice de forme diferite. 
 []


Underfull \hbox (badness 10000) in paragraph at lines 134--138

 []


Overfull \hbox (5.26013pt too wide) in paragraph at lines 148--151
\TU/UTSans-Regular(0)/bx/n/12 Totodată la fel ca și [][]\TU/lmtt/m/n/12 QGraphicsView []\TU/UTSans-Regular(0)/bx/n/12 sistemul de coordonate poate fi trans-
 []


Underfull \hbox (badness 10000) in paragraph at lines 148--151

 []


Underfull \hbox (badness 10000) in paragraph at lines 152--153

 []


Overfull \hbox (73.90813pt too wide) in paragraph at lines 154--156
[][][]\TU/lmtt/m/n/12 QGraphicsItem []\TU/UTSans-Regular(0)/bx/n/12 suporta și detecție de coliziuni, prin funcțiile [][]\TU/lmtt/m/n/12 QGraphicsItem::shape()
 []


Underfull \hbox (badness 10000) in paragraph at lines 154--156

 []


Underfull \hbox (badness 10000) in paragraph at lines 160--164

 []

[30]
Underfull \hbox (badness 10000) in paragraph at lines 165--171

 []


Overfull \hbox (2.6081pt too wide) in paragraph at lines 172--175
[]\TU/UTSans-Regular(0)/bx/n/12 Utilizatorul poate interacționa cu toate elementele prin click-dreapta pen-
 []


Underfull \hbox (badness 10000) in paragraph at lines 172--175

 []

) (capitole/simcenter.tex [31]
Underfull \hbox (badness 10000) in paragraph at lines 4--9

 []


Overfull \hbox (0.1601pt too wide) in paragraph at lines 15--16
[]\TU/UTSans-Regular(0)/bx/n/12 simularea formării unei componente prin turnarea, presarea materiialelor
 []


Underfull \hbox (badness 10000) in paragraph at lines 27--28

 []


Overfull \hbox (8.90192pt too wide) in paragraph at lines 29--32
[]\TU/UTSans-Regular(0)/bx/n/12 Aplicațiile CAE sunt folosite foarte des în industria de automotive. Folosirea
 []


Underfull \hbox (badness 10000) in paragraph at lines 29--32

 []


Underfull \hbox (badness 10000) in paragraph at lines 33--35

 []

[32]
File: imagini/simcenter/cinematica.png Graphic file (type bmp)
<imagini/simcenter/cinematica.png>
 [33]
File: imagini/simcenter/dinamic.png Graphic file (type bmp)
<imagini/simcenter/dinamic.png>
File: imagini/simcenter/mecanism.png Graphic file (type bmp)
<imagini/simcenter/mecanism.png>
 [34]
Underfull \hbox (badness 10000) in paragraph at lines 86--91

 []

File: imagini/simcenter/body.png Graphic file (type bmp)
<imagini/simcenter/body.png>
[35]
Underfull \hbox (badness 10000) in paragraph at lines 100--104

 []

) (capitole/functionalitati.tex
Underfull \hbox (badness 10000) in paragraph at lines 105--1

 []

[36]
Underfull \hbox (badness 10000) in paragraph at lines 4--6

 []


Overfull \hbox (3.49214pt too wide) in paragraph at lines 26--30
[]\TU/UTSans-Regular(0)/bx/n/12 Se pot încărca oricâte fișiere .mdef în aplicație, fiecare fișier fiind reprezen-
 []


Underfull \hbox (badness 10000) in paragraph at lines 26--30

 []

File: imagini/implementare/tabs.png Graphic file (type bmp)
<imagini/implementare/tabs.png>

LaTeX Warning: `h' float specifier changed to `ht'.


Underfull \hbox (badness 10000) in paragraph at lines 37--47

 []

[37]
File: imagini/implementare/overlapping.png Graphic file (type bmp)
<imagini/implementare/overlapping.png>


LaTeX Warning: `h' float specifier changed to `ht'.


Overfull \hbox (7.95876pt too wide) in paragraph at lines 54--65
\TU/UTSans-Regular(0)/bx/n/12 de graf pentru reprezentarea modelului. In comparație cu perspectiva ortografica
 []


Underfull \hbox (badness 10000) in paragraph at lines 54--65

 []

[38]
File: imagini/implementare/graf.png Graphic file (type bmp)
<imagini/implementare/graf.png>
 [39]
Underfull \hbox (badness 10000) in paragraph at lines 72--78

 []

File: imagini/implementare/searchwindow.png Graphic file (type bmp)
<imagini/implementare/searchwindow.png>
[40]
Underfull \hbox (badness 10000) in paragraph at lines 85--88

 []

File: imagini/implementare/info.png Graphic file (type bmp)
<imagini/implementare/info.png>
[41]
Underfull \hbox (badness 10000) in paragraph at lines 95--99

 []

File: imagini/implementare/compare.png Graphic file (type bmp)
<imagini/implementare/compare.png>
[42]
Underfull \hbox (badness 10000) in paragraph at lines 106--109

 []

File: imagini/implementare/legend.png Graphic file (type bmp)
<imagini/implementare/legend.png>
[43]
Underfull \hbox (badness 10000) in paragraph at lines 116--120

 []

File: imagini/implementare/bigmodel.png Graphic file (type bmp)
<imagini/implementare/bigmodel.png>
File: imagini/implementare/bigmodelzoom.png Graphic file (type bmp)
<imagini/implementare/bigmodelzoom.png>
[44]) (capitole/anexa.tex [45] [46] ("D:\pograml files\miktex\tex/latex/listings\lstlang1.sty"
File: lstlang1.sty 2019/02/27 1.8b listings language file
) ("D:\pograml files\miktex\tex/latex/listings\lstmisc.sty"
File: lstmisc.sty 2019/02/27 1.8b (Carsten Heinz)
)
Overfull \hbox (85.20483pt too wide) in paragraph at lines 13--14
[][][][][][][][][][][][][][][][][][][][][] 
 []


Overfull \hbox (78.00476pt too wide) in paragraph at lines 14--15
[][][][][][][][][][][][][][][][][][][][][] 
 []


Overfull \hbox (78.00476pt too wide) in paragraph at lines 15--16
[][][][][][][][][][][][][][][][][][][][][] 
 []


Overfull \hbox (85.20483pt too wide) in paragraph at lines 33--34
[][][][][][][][][][][][][][][][][][][][][] 
 []


Overfull \hbox (78.00476pt too wide) in paragraph at lines 34--35
[][][][][][][][][][][][][][][][][][][][][] 
 []


Overfull \hbox (78.00476pt too wide) in paragraph at lines 35--36
[][][][][][][][][][][][][][][][][][][][][] 
 []

[47]
Overfull \hbox (85.20483pt too wide) in paragraph at lines 43--44
[][][][][][][][][][][][][][][][][][][][][] 
 []


Overfull \hbox (78.00476pt too wide) in paragraph at lines 44--45
[][][][][][][][][][][][][][][][][][][][][] 
 []


Overfull \hbox (78.00476pt too wide) in paragraph at lines 45--46
[][][][][][][][][][][][][][][][][][][][][] 
 []


Overfull \hbox (78.00476pt too wide) in paragraph at lines 64--65
[][][][][][][][][][][][][][][][][][][][][] 
 []


Overfull \hbox (78.00476pt too wide) in paragraph at lines 65--66
[][][][][][][][][][][][][][][][][][][][][] 
 []


Overfull \hbox (78.00476pt too wide) in paragraph at lines 66--67
[][][][][][][][][][][][][][][][][][][][][] 
 []


Overfull \hbox (78.00476pt too wide) in paragraph at lines 74--75
[][][][][][][][][][][][][][][][][][][][][] 
 []


Overfull \hbox (78.00476pt too wide) in paragraph at lines 75--76
[][][][][][][][][][][][][][][][][][][][][] 
 []


Overfull \hbox (78.00476pt too wide) in paragraph at lines 76--77
[][][][][][][][][][][][][][][][][][][][][] 
 []

[48]
Overfull \hbox (214.80615pt too wide) in paragraph at lines 90--91
[][][][][][][][][][][][][][][][][][][] 
 []


Overfull \hbox (92.4049pt too wide) in paragraph at lines 102--104
[][][][][][][][][][][][][][][][][][][][][][][] 
 []

[49]) (capitole/bibliografie.tex [50]) [51] (licenta.aux)

LaTeX Font Warning: Some font shapes were not available, defaults substituted.


LaTeX Warning: There were multiply-defined labels.

 ) 
Here is how much of TeX's memory you used:
 16788 strings out of 427669
 343173 string characters out of 3150028
 618109 words of memory out of 3000000
 20693 multiletter control sequences out of 15000+200000
 536354 words of font info for 57 fonts, out of 3000000 for 9000
 1348 hyphenation exceptions out of 8191
 44i,9n,67p,556b,1569s stack positions out of 5000i,500n,10000p,200000b,50000s

Output written on licenta.xdv (51 pages, 591220 bytes).
